[03-Jun-2024 15:35:29 UTC] Xdebug: [Step Debug] Time-out connecting to debugging client, waited: 200 ms. Tried: localhost:9003 (fallback through xdebug.client_host/xdebug.client_port) :-(
[03-Jun-2024 15:35:29 UTC] Xdebug: [Step Debug] Time-out connecting to debugging client, waited: 200 ms. Tried: localhost:9003 (fallback through xdebug.client_host/xdebug.client_port) :-(
[03-Jun-2024 15:35:30 UTC] Xdebug: [Step Debug] Time-out connecting to debugging client, waited: 200 ms. Tried: localhost:9003 (fallback through xdebug.client_host/xdebug.client_port) :-(
[03-Jun-2024 15:35:30 UTC] Xdebug: [Step Debug] Time-out connecting to debugging client, waited: 200 ms. Tried: localhost:9003 (fallback through xdebug.client_host/xdebug.client_port) :-(
[03-Jun-2024 15:35:30 UTC] Xdebug: [Step Debug] Time-out connecting to debugging client, waited: 200 ms. Tried: localhost:9003 (fallback through xdebug.client_host/xdebug.client_port) :-(
[03-Jun-2024 15:35:30 UTC] Xdebug: [Step Debug] Time-out connecting to debugging client, waited: 200 ms. Tried: localhost:9003 (fallback through xdebug.client_host/xdebug.client_port) :-(
[03-Jun-2024 15:35:31 UTC] Xdebug: [Step Debug] Time-out connecting to debugging client, waited: 200 ms. Tried: localhost:9003 (fallback through xdebug.client_host/xdebug.client_port) :-(
[03-Jun-2024 15:35:31 UTC] Xdebug: [Step Debug] Time-out connecting to debugging client, waited: 200 ms. Tried: localhost:9003 (fallback through xdebug.client_host/xdebug.client_port) :-(
[03-Jun-2024 15:35:31 UTC] Xdebug: [Step Debug] Time-out connecting to debugging client, waited: 200 ms. Tried: localhost:9003 (fallback through xdebug.client_host/xdebug.client_port) :-(
[03-Jun-2024 15:35:31 UTC] Xdebug: [Step Debug] Time-out connecting to debugging client, waited: 200 ms. Tried: localhost:9003 (fallback through xdebug.client_host/xdebug.client_port) :-(
[03-Jun-2024 15:35:31 UTC] Xdebug: [Step Debug] Time-out connecting to debugging client, waited: 200 ms. Tried: localhost:9003 (fallback through xdebug.client_host/xdebug.client_port) :-(
[03-Jun-2024 15:35:31 UTC] Xdebug: [Step Debug] Time-out connecting to debugging client, waited: 200 ms. Tried: localhost:9003 (fallback through xdebug.client_host/xdebug.client_port) :-(
[03-Jun-2024 15:35:32 UTC] Xdebug: [Step Debug] Time-out connecting to debugging client, waited: 200 ms. Tried: localhost:9003 (fallback through xdebug.client_host/xdebug.client_port) :-(
[03-Jun-2024 15:35:32 UTC] Xdebug: [Step Debug] Time-out connecting to debugging client, waited: 200 ms. Tried: localhost:9003 (fallback through xdebug.client_host/xdebug.client_port) :-(
[03-Jun-2024 15:35:32 UTC] Xdebug: [Step Debug] Time-out connecting to debugging client, waited: 200 ms. Tried: localhost:9003 (fallback through xdebug.client_host/xdebug.client_port) :-(
[03-Jun-2024 15:35:33 UTC] Xdebug: [Step Debug] Time-out connecting to debugging client, waited: 200 ms. Tried: localhost:9003 (fallback through xdebug.client_host/xdebug.client_port) :-(
[03-Jun-2024 15:35:33 UTC] Xdebug: [Step Debug] Time-out connecting to debugging client, waited: 200 ms. Tried: localhost:9003 (fallback through xdebug.client_host/xdebug.client_port) :-(
[03-Jun-2024 15:35:33 UTC] Xdebug: [Step Debug] Time-out connecting to debugging client, waited: 200 ms. Tried: localhost:9003 (fallback through xdebug.client_host/xdebug.client_port) :-(
[03-Jun-2024 15:35:33 UTC] Xdebug: [Step Debug] Time-out connecting to debugging client, waited: 200 ms. Tried: localhost:9003 (fallback through xdebug.client_host/xdebug.client_port) :-(
[03-Jun-2024 15:35:33 UTC] Xdebug: [Step Debug] Time-out connecting to debugging client, waited: 200 ms. Tried: localhost:9003 (fallback through xdebug.client_host/xdebug.client_port) :-(
[03-Jun-2024 15:35:34 UTC] Xdebug: [Step Debug] Time-out connecting to debugging client, waited: 200 ms. Tried: localhost:9003 (fallback through xdebug.client_host/xdebug.client_port) :-(
[03-Jun-2024 15:35:34 UTC] Xdebug: [Step Debug] Time-out connecting to debugging client, waited: 200 ms. Tried: localhost:9003 (fallback through xdebug.client_host/xdebug.client_port) :-(
[03-Jun-2024 15:35:36 UTC] Xdebug: [Step Debug] Time-out connecting to debugging client, waited: 200 ms. Tried: localhost:9003 (fallback through xdebug.client_host/xdebug.client_port) :-(
[03-Jun-2024 15:35:37 UTC] Xdebug: [Step Debug] Time-out connecting to debugging client, waited: 200 ms. Tried: localhost:9003 (fallback through xdebug.client_host/xdebug.client_port) :-(
[03-Jun-2024 15:35:37 UTC] Xdebug: [Step Debug] Time-out connecting to debugging client, waited: 200 ms. Tried: localhost:9003 (fallback through xdebug.client_host/xdebug.client_port) :-(
[03-Jun-2024 15:35:38 UTC] Xdebug: [Step Debug] Time-out connecting to debugging client, waited: 200 ms. Tried: localhost:9003 (fallback through xdebug.client_host/xdebug.client_port) :-(
[03-Jun-2024 15:35:38 UTC] Xdebug: [Step Debug] Time-out connecting to debugging client, waited: 200 ms. Tried: localhost:9003 (fallback through xdebug.client_host/xdebug.client_port) :-(
[03-Jun-2024 15:35:39 UTC] Xdebug: [Step Debug] Time-out connecting to debugging client, waited: 200 ms. Tried: localhost:9003 (fallback through xdebug.client_host/xdebug.client_port) :-(
[03-Jun-2024 15:35:39 UTC] Xdebug: [Step Debug] Time-out connecting to debugging client, waited: 200 ms. Tried: localhost:9003 (fallback through xdebug.client_host/xdebug.client_port) :-(
[03-Jun-2024 15:35:40 UTC] Xdebug: [Step Debug] Time-out connecting to debugging client, waited: 200 ms. Tried: localhost:9003 (fallback through xdebug.client_host/xdebug.client_port) :-(
[03-Jun-2024 15:35:41 UTC] Xdebug: [Step Debug] Time-out connecting to debugging client, waited: 200 ms. Tried: localhost:9003 (fallback through xdebug.client_host/xdebug.client_port) :-(
[03-Jun-2024 15:35:41 UTC] Xdebug: [Step Debug] Time-out connecting to debugging client, waited: 200 ms. Tried: localhost:9003 (fallback through xdebug.client_host/xdebug.client_port) :-(
[03-Jun-2024 15:35:41 UTC] Xdebug: [Step Debug] Time-out connecting to debugging client, waited: 200 ms. Tried: localhost:9003 (fallback through xdebug.client_host/xdebug.client_port) :-(
[03-Jun-2024 15:35:41 UTC] Xdebug: [Step Debug] Time-out connecting to debugging client, waited: 200 ms. Tried: localhost:9003 (fallback through xdebug.client_host/xdebug.client_port) :-(
[03-Jun-2024 15:35:41 UTC] Xdebug: [Step Debug] Time-out connecting to debugging client, waited: 200 ms. Tried: localhost:9003 (fallback through xdebug.client_host/xdebug.client_port) :-(
[03-Jun-2024 15:35:41 UTC] Xdebug: [Step Debug] Time-out connecting to debugging client, waited: 200 ms. Tried: localhost:9003 (fallback through xdebug.client_host/xdebug.client_port) :-(
[03-Jun-2024 15:35:42 UTC] Xdebug: [Step Debug] Time-out connecting to debugging client, waited: 200 ms. Tried: localhost:9003 (fallback through xdebug.client_host/xdebug.client_port) :-(
[03-Jun-2024 15:35:42 UTC] Xdebug: [Step Debug] Time-out connecting to debugging client, waited: 200 ms. Tried: localhost:9003 (fallback through xdebug.client_host/xdebug.client_port) :-(
[03-Jun-2024 15:35:42 UTC] Xdebug: [Step Debug] Time-out connecting to debugging client, waited: 200 ms. Tried: localhost:9003 (fallback through xdebug.client_host/xdebug.client_port) :-(
[03-Jun-2024 15:35:42 UTC] Xdebug: [Step Debug] Time-out connecting to debugging client, waited: 200 ms. Tried: localhost:9003 (fallback through xdebug.client_host/xdebug.client_port) :-(
[03-Jun-2024 15:35:42 UTC] Xdebug: [Step Debug] Time-out connecting to debugging client, waited: 200 ms. Tried: localhost:9003 (fallback through xdebug.client_host/xdebug.client_port) :-(
[03-Jun-2024 15:35:43 UTC] Xdebug: [Step Debug] Time-out connecting to debugging client, waited: 200 ms. Tried: localhost:9003 (fallback through xdebug.client_host/xdebug.client_port) :-(
[03-Jun-2024 15:35:43 UTC] Xdebug: [Step Debug] Time-out connecting to debugging client, waited: 200 ms. Tried: localhost:9003 (fallback through xdebug.client_host/xdebug.client_port) :-(
[03-Jun-2024 15:35:43 UTC] Xdebug: [Step Debug] Time-out connecting to debugging client, waited: 200 ms. Tried: localhost:9003 (fallback through xdebug.client_host/xdebug.client_port) :-(
[03-Jun-2024 15:35:43 UTC] Xdebug: [Step Debug] Time-out connecting to debugging client, waited: 200 ms. Tried: localhost:9003 (fallback through xdebug.client_host/xdebug.client_port) :-(
[03-Jun-2024 15:35:43 UTC] Xdebug: [Step Debug] Time-out connecting to debugging client, waited: 200 ms. Tried: localhost:9003 (fallback through xdebug.client_host/xdebug.client_port) :-(
[03-Jun-2024 15:35:43 UTC] Xdebug: [Step Debug] Time-out connecting to debugging client, waited: 200 ms. Tried: localhost:9003 (fallback through xdebug.client_host/xdebug.client_port) :-(
[03-Jun-2024 15:35:43 UTC] Xdebug: [Step Debug] Time-out connecting to debugging client, waited: 200 ms. Tried: localhost:9003 (fallback through xdebug.client_host/xdebug.client_port) :-(
[03-Jun-2024 15:35:44 UTC] Xdebug: [Step Debug] Time-out connecting to debugging client, waited: 200 ms. Tried: localhost:9003 (fallback through xdebug.client_host/xdebug.client_port) :-(
[03-Jun-2024 15:35:44 UTC] Xdebug: [Step Debug] Time-out connecting to debugging client, waited: 200 ms. Tried: localhost:9003 (fallback through xdebug.client_host/xdebug.client_port) :-(
[03-Jun-2024 15:35:45 UTC] Xdebug: [Step Debug] Time-out connecting to debugging client, waited: 200 ms. Tried: localhost:9003 (fallback through xdebug.client_host/xdebug.client_port) :-(
[03-Jun-2024 15:35:45 UTC] Xdebug: [Step Debug] Time-out connecting to debugging client, waited: 200 ms. Tried: localhost:9003 (fallback through xdebug.client_host/xdebug.client_port) :-(
[03-Jun-2024 15:36:30 UTC] Xdebug: [Step Debug] Time-out connecting to debugging client, waited: 200 ms. Tried: ::1:9003 (from HTTP_X_FORWARDED_FOR HTTP header), localhost:9003 (fallback through xdebug.client_host/xdebug.client_port) :-(
[03-Jun-2024 15:36:31 UTC] Xdebug: [Step Debug] Time-out connecting to debugging client, waited: 200 ms. Tried: ::1:9003 (from HTTP_X_FORWARDED_FOR HTTP header), localhost:9003 (fallback through xdebug.client_host/xdebug.client_port) :-(
[03-Jun-2024 15:36:36 UTC] Xdebug: [Step Debug] Time-out connecting to debugging client, waited: 200 ms. Tried: ::1:9003 (from HTTP_X_FORWARDED_FOR HTTP header), localhost:9003 (fallback through xdebug.client_host/xdebug.client_port) :-(
[03-Jun-2024 15:36:37 UTC] Xdebug: [Step Debug] Time-out connecting to debugging client, waited: 200 ms. Tried: ::1:9003 (from HTTP_X_FORWARDED_FOR HTTP header), localhost:9003 (fallback through xdebug.client_host/xdebug.client_port) :-(
[03-Jun-2024 15:38:12 UTC] Xdebug: [Step Debug] Time-out connecting to debugging client, waited: 200 ms. Tried: localhost:9003 (fallback through xdebug.client_host/xdebug.client_port) :-(
[03-Jun-2024 15:38:12 UTC] Xdebug: [Step Debug] Time-out connecting to debugging client, waited: 200 ms. Tried: localhost:9003 (fallback through xdebug.client_host/xdebug.client_port) :-(
[03-Jun-2024 15:38:12 UTC] Xdebug: [Step Debug] Time-out connecting to debugging client, waited: 200 ms. Tried: localhost:9003 (fallback through xdebug.client_host/xdebug.client_port) :-(
[03-Jun-2024 15:38:12 UTC] Xdebug: [Step Debug] Time-out connecting to debugging client, waited: 200 ms. Tried: localhost:9003 (fallback through xdebug.client_host/xdebug.client_port) :-(
[03-Jun-2024 15:38:17 UTC] Xdebug: [Step Debug] Time-out connecting to debugging client, waited: 200 ms. Tried: localhost:9003 (fallback through xdebug.client_host/xdebug.client_port) :-(
[03-Jun-2024 15:38:17 UTC] Xdebug: [Step Debug] Time-out connecting to debugging client, waited: 200 ms. Tried: localhost:9003 (fallback through xdebug.client_host/xdebug.client_port) :-(
[03-Jun-2024 15:38:18 UTC] Xdebug: [Step Debug] Time-out connecting to debugging client, waited: 200 ms. Tried: localhost:9003 (fallback through xdebug.client_host/xdebug.client_port) :-(
[03-Jun-2024 15:38:18 UTC] Xdebug: [Step Debug] Time-out connecting to debugging client, waited: 200 ms. Tried: localhost:9003 (fallback through xdebug.client_host/xdebug.client_port) :-(
[03-Jun-2024 15:38:18 UTC] Xdebug: [Step Debug] Time-out connecting to debugging client, waited: 200 ms. Tried: localhost:9003 (fallback through xdebug.client_host/xdebug.client_port) :-(
[03-Jun-2024 15:38:18 UTC] Xdebug: [Step Debug] Time-out connecting to debugging client, waited: 200 ms. Tried: localhost:9003 (fallback through xdebug.client_host/xdebug.client_port) :-(
[03-Jun-2024 15:38:18 UTC] Xdebug: [Step Debug] Time-out connecting to debugging client, waited: 200 ms. Tried: localhost:9003 (fallback through xdebug.client_host/xdebug.client_port) :-(
[03-Jun-2024 15:38:18 UTC] Xdebug: [Step Debug] Time-out connecting to debugging client, waited: 200 ms. Tried: localhost:9003 (fallback through xdebug.client_host/xdebug.client_port) :-(
[03-Jun-2024 15:38:22 UTC] Xdebug: [Step Debug] Time-out connecting to debugging client, waited: 200 ms. Tried: localhost:9003 (fallback through xdebug.client_host/xdebug.client_port) :-(
[03-Jun-2024 15:38:22 UTC] Xdebug: [Step Debug] Time-out connecting to debugging client, waited: 200 ms. Tried: localhost:9003 (fallback through xdebug.client_host/xdebug.client_port) :-(
[03-Jun-2024 15:38:23 UTC] Xdebug: [Step Debug] Time-out connecting to debugging client, waited: 200 ms. Tried: localhost:9003 (fallback through xdebug.client_host/xdebug.client_port) :-(
[03-Jun-2024 15:38:23 UTC] Xdebug: [Step Debug] Time-out connecting to debugging client, waited: 200 ms. Tried: localhost:9003 (fallback through xdebug.client_host/xdebug.client_port) :-(
[03-Jun-2024 15:38:24 UTC] Xdebug: [Step Debug] Time-out connecting to debugging client, waited: 200 ms. Tried: localhost:9003 (fallback through xdebug.client_host/xdebug.client_port) :-(
[03-Jun-2024 15:38:24 UTC] Xdebug: [Step Debug] Time-out connecting to debugging client, waited: 200 ms. Tried: localhost:9003 (fallback through xdebug.client_host/xdebug.client_port) :-(
[03-Jun-2024 15:38:29 UTC] Xdebug: [Step Debug] Time-out connecting to debugging client, waited: 200 ms. Tried: localhost:9003 (fallback through xdebug.client_host/xdebug.client_port) :-(
[03-Jun-2024 15:38:30 UTC] Xdebug: [Step Debug] Time-out connecting to debugging client, waited: 200 ms. Tried: localhost:9003 (fallback through xdebug.client_host/xdebug.client_port) :-(
[03-Jun-2024 15:38:30 UTC] Xdebug: [Step Debug] Time-out connecting to debugging client, waited: 200 ms. Tried: localhost:9003 (fallback through xdebug.client_host/xdebug.client_port) :-(
[11-Jun-2024 13:52:04 UTC] PHP Warning:  Attempt to read property "title" on null in C:\Users\copeau\Local Sites\Planty\app\public\wp-includes\class-wp-customize-widgets.php on line 905
[11-Jun-2024 13:52:04 UTC] PHP Warning:  Undefined variable $qsid in C:\Users\copeau\Local Sites\Planty\app\public\wp-content\plugins\child-theme-configurator\includes\classes\CSS.php on line 958
[11-Jun-2024 13:52:04 UTC] PHP Warning:  Undefined variable $qsid in C:\Users\copeau\Local Sites\Planty\app\public\wp-content\plugins\child-theme-configurator\includes\classes\CSS.php on line 960
[11-Jun-2024 13:52:04 UTC] PHP Warning:  Undefined variable $qsid in C:\Users\copeau\Local Sites\Planty\app\public\wp-content\plugins\child-theme-configurator\includes\classes\CSS.php on line 967
[11-Jun-2024 13:52:04 UTC] PHP Warning:  Undefined variable $qsid in C:\Users\copeau\Local Sites\Planty\app\public\wp-content\plugins\child-theme-configurator\includes\classes\CSS.php on line 968
[11-Jun-2024 13:52:04 UTC] PHP Warning:  Undefined variable $qsid in C:\Users\copeau\Local Sites\Planty\app\public\wp-content\plugins\child-theme-configurator\includes\classes\CSS.php on line 971
[24-Jun-2024 15:16:37 UTC] PHP Warning:  unlink(C:\Users\copeau\Local Sites\Planty\app\public/wp-content/uploads/elementor/css/global.css): No such file or directory in C:\Users\copeau\Local Sites\Planty\app\public\wp-content\plugins\elementor\core\files\manager.php on line 112
[24-Jun-2024 15:16:37 UTC] PHP Warning:  unlink(C:\Users\copeau\Local Sites\Planty\app\public/wp-content/uploads/elementor/css/post-20.css): No such file or directory in C:\Users\copeau\Local Sites\Planty\app\public\wp-content\plugins\elementor\core\files\manager.php on line 112
[24-Jun-2024 15:16:37 UTC] PHP Warning:  unlink(C:\Users\copeau\Local Sites\Planty\app\public/wp-content/uploads/elementor/css/post-29.css): No such file or directory in C:\Users\copeau\Local Sites\Planty\app\public\wp-content\plugins\elementor\core\files\manager.php on line 112
[24-Jun-2024 15:16:37 UTC] PHP Warning:  unlink(C:\Users\copeau\Local Sites\Planty\app\public/wp-content/uploads/elementor/css/post-5.css): No such file or directory in C:\Users\copeau\Local Sites\Planty\app\public\wp-content\plugins\elementor\core\files\manager.php on line 112
[02-Jul-2024 15:33:40 UTC] PHP Parse error:  syntax error, unexpected token ":" in C:\Users\copeau\Local Sites\Planty\app\public\wp-content\themes\hello-elementor-child\functions.php on line 28
[02-Jul-2024 15:33:40 UTC] PHP Parse error:  syntax error, unexpected token ":" in C:\Users\copeau\Local Sites\Planty\app\public\wp-content\themes\hello-elementor-child\functions.php on line 28
[02-Jul-2024 15:34:00 UTC] PHP Parse error:  syntax error, unexpected token ":" in C:\Users\copeau\Local Sites\Planty\app\public\wp-content\themes\hello-elementor-child\functions.php on line 28
[02-Jul-2024 15:34:00 UTC] PHP Warning:  Trying to access array offset on value of type bool in C:\Users\copeau\Local Sites\Planty\app\public\wp-includes\class-wp-recovery-mode-email-service.php on line 367
[02-Jul-2024 15:34:00 UTC] PHP Warning:  Trying to access array offset on value of type bool in C:\Users\copeau\Local Sites\Planty\app\public\wp-includes\class-wp-recovery-mode-email-service.php on line 368
[02-Jul-2024 15:40:52 UTC] PHP Parse error:  syntax error, unexpected token ":" in C:\Users\copeau\Local Sites\Planty\app\public\wp-content\themes\hello-elementor-child\functions.php on line 27
[02-Jul-2024 15:40:54 UTC] PHP Parse error:  syntax error, unexpected token ":" in C:\Users\copeau\Local Sites\Planty\app\public\wp-content\themes\hello-elementor-child\functions.php on line 27
[02-Jul-2024 15:41:04 UTC] PHP Parse error:  syntax error, unexpected token ":" in C:\Users\copeau\Local Sites\Planty\app\public\wp-content\themes\hello-elementor-child\functions.php on line 27
[02-Jul-2024 15:42:01 UTC] PHP Parse error:  syntax error, unexpected token ":" in C:\Users\copeau\Local Sites\Planty\app\public\wp-content\themes\hello-elementor-child\functions.php on line 27
[02-Jul-2024 15:42:01 UTC] PHP Parse error:  syntax error, unexpected token ":" in C:\Users\copeau\Local Sites\Planty\app\public\wp-content\themes\hello-elementor-child\functions.php on line 27
[02-Jul-2024 15:42:25 UTC] PHP Parse error:  syntax error, unexpected token ":" in C:\Users\copeau\Local Sites\Planty\app\public\wp-content\themes\hello-elementor-child\functions.php on line 27
[02-Jul-2024 15:42:40 UTC] PHP Parse error:  syntax error, unexpected token ":" in C:\Users\copeau\Local Sites\Planty\app\public\wp-content\themes\hello-elementor-child\functions.php on line 27
[02-Jul-2024 15:43:09 UTC] PHP Parse error:  syntax error, unexpected token ":" in C:\Users\copeau\Local Sites\Planty\app\public\wp-content\themes\hello-elementor-child\functions.php on line 27
[02-Jul-2024 15:43:58 UTC] PHP Parse error:  syntax error, unexpected token ":" in C:\Users\copeau\Local Sites\Planty\app\public\wp-content\themes\hello-elementor-child\functions.php on line 27
[02-Jul-2024 15:44:45 UTC] PHP Parse error:  syntax error, unexpected token ":" in C:\Users\copeau\Local Sites\Planty\app\public\wp-content\themes\hello-elementor-child\functions.php on line 27
[02-Jul-2024 15:45:06 UTC] PHP Parse error:  syntax error, unexpected token ":" in C:\Users\copeau\Local Sites\Planty\app\public\wp-content\themes\hello-elementor-child\functions.php on line 27
[02-Jul-2024 15:46:03 UTC] PHP Parse error:  syntax error, unexpected token ":" in C:\Users\copeau\Local Sites\Planty\app\public\wp-content\themes\hello-elementor-child\functions.php on line 27
[02-Jul-2024 15:46:42 UTC] PHP Parse error:  syntax error, unexpected token ":" in C:\Users\copeau\Local Sites\Planty\app\public\wp-content\themes\hello-elementor-child\functions.php on line 27
[02-Jul-2024 15:47:11 UTC] PHP Parse error:  syntax error, unexpected token ":" in C:\Users\copeau\Local Sites\Planty\app\public\wp-content\themes\hello-elementor-child\functions.php on line 27
[02-Jul-2024 15:47:14 UTC] PHP Parse error:  syntax error, unexpected token ":" in C:\Users\copeau\Local Sites\Planty\app\public\wp-content\themes\hello-elementor-child\functions.php on line 27
[02-Jul-2024 15:47:14 UTC] PHP Parse error:  syntax error, unexpected token ":" in C:\Users\copeau\Local Sites\Planty\app\public\wp-content\themes\hello-elementor-child\functions.php on line 27
[02-Jul-2024 15:49:08 UTC] PHP Parse error:  syntax error, unexpected token ":" in C:\Users\copeau\Local Sites\Planty\app\public\wp-content\themes\hello-elementor-child\functions.php on line 30
[02-Jul-2024 15:49:11 UTC] PHP Parse error:  syntax error, unexpected token ":" in C:\Users\copeau\Local Sites\Planty\app\public\wp-content\themes\hello-elementor-child\functions.php on line 30
[02-Jul-2024 15:49:11 UTC] PHP Parse error:  syntax error, unexpected token ":" in C:\Users\copeau\Local Sites\Planty\app\public\wp-content\themes\hello-elementor-child\functions.php on line 30
[02-Jul-2024 15:49:47 UTC] PHP Parse error:  syntax error, unexpected token ":" in C:\Users\copeau\Local Sites\Planty\app\public\wp-content\themes\hello-elementor-child\functions.php on line 30
[02-Jul-2024 15:57:59 UTC] PHP Parse error:  syntax error, unexpected token ":" in C:\Users\copeau\Local Sites\Planty\app\public\wp-content\themes\hello-elementor-child\functions.php on line 29
[02-Jul-2024 15:57:59 UTC] PHP Parse error:  syntax error, unexpected token ":" in C:\Users\copeau\Local Sites\Planty\app\public\wp-content\themes\hello-elementor-child\functions.php on line 29
[02-Jul-2024 15:58:05 UTC] PHP Parse error:  syntax error, unexpected token ":" in C:\Users\copeau\Local Sites\Planty\app\public\wp-content\themes\hello-elementor-child\functions.php on line 29
[02-Jul-2024 15:58:17 UTC] PHP Parse error:  syntax error, unexpected token ":" in C:\Users\copeau\Local Sites\Planty\app\public\wp-content\themes\hello-elementor-child\functions.php on line 29
[02-Jul-2024 15:58:52 UTC] PHP Parse error:  syntax error, unexpected token ":" in C:\Users\copeau\Local Sites\Planty\app\public\wp-content\themes\hello-elementor-child\functions.php on line 29
[02-Jul-2024 15:59:18 UTC] PHP Parse error:  syntax error, unexpected token ":" in C:\Users\copeau\Local Sites\Planty\app\public\wp-content\themes\hello-elementor-child\functions.php on line 29
[02-Jul-2024 16:00:10 UTC] PHP Parse error:  syntax error, unexpected token ":" in C:\Users\copeau\Local Sites\Planty\app\public\wp-content\themes\hello-elementor-child\functions.php on line 29
[02-Jul-2024 16:00:19 UTC] PHP Parse error:  syntax error, unexpected token ":" in C:\Users\copeau\Local Sites\Planty\app\public\wp-content\themes\hello-elementor-child\functions.php on line 29
[02-Jul-2024 16:00:49 UTC] PHP Parse error:  syntax error, unexpected token ":" in C:\Users\copeau\Local Sites\Planty\app\public\wp-content\themes\hello-elementor-child\functions.php on line 29
[02-Jul-2024 16:02:12 UTC] PHP Parse error:  syntax error, unexpected token ":" in C:\Users\copeau\Local Sites\Planty\app\public\wp-content\themes\hello-elementor-child\functions.php on line 29
[02-Jul-2024 16:02:20 UTC] PHP Parse error:  syntax error, unexpected token ":" in C:\Users\copeau\Local Sites\Planty\app\public\wp-content\themes\hello-elementor-child\functions.php on line 29
[02-Jul-2024 16:02:50 UTC] PHP Parse error:  syntax error, unexpected token ":" in C:\Users\copeau\Local Sites\Planty\app\public\wp-content\themes\hello-elementor-child\functions.php on line 29
[02-Jul-2024 16:03:23 UTC] PHP Parse error:  syntax error, unexpected token ":" in C:\Users\copeau\Local Sites\Planty\app\public\wp-content\themes\hello-elementor-child\functions.php on line 29
[02-Jul-2024 16:03:23 UTC] PHP Parse error:  syntax error, unexpected token ":" in C:\Users\copeau\Local Sites\Planty\app\public\wp-content\themes\hello-elementor-child\functions.php on line 29
[02-Jul-2024 16:03:33 UTC] PHP Parse error:  syntax error, unexpected token ":" in C:\Users\copeau\Local Sites\Planty\app\public\wp-content\themes\hello-elementor-child\functions.php on line 29
[02-Jul-2024 16:04:08 UTC] PHP Parse error:  syntax error, unexpected token ":" in C:\Users\copeau\Local Sites\Planty\app\public\wp-content\themes\hello-elementor-child\functions.php on line 29
[02-Jul-2024 16:04:55 UTC] PHP Parse error:  syntax error, unexpected token ":" in C:\Users\copeau\Local Sites\Planty\app\public\wp-content\themes\hello-elementor-child\functions.php on line 29
[02-Jul-2024 16:05:30 UTC] PHP Parse error:  syntax error, unexpected token ":" in C:\Users\copeau\Local Sites\Planty\app\public\wp-content\themes\hello-elementor-child\functions.php on line 29
[02-Jul-2024 16:06:11 UTC] PHP Parse error:  syntax error, unexpected token ":" in C:\Users\copeau\Local Sites\Planty\app\public\wp-content\themes\hello-elementor-child\functions.php on line 29
[10-Jul-2024 14:43:11 UTC] PHP Parse error:  syntax error, unexpected token ":" in C:\Users\copeau\Local Sites\Planty\app\public\wp-content\themes\hello-elementor-child\functions.php on line 28
[10-Jul-2024 14:43:11 UTC] PHP Warning:  Trying to access array offset on value of type bool in C:\Users\copeau\Local Sites\Planty\app\public\wp-includes\class-wp-recovery-mode-email-service.php on line 367
[10-Jul-2024 14:43:11 UTC] PHP Warning:  Trying to access array offset on value of type bool in C:\Users\copeau\Local Sites\Planty\app\public\wp-includes\class-wp-recovery-mode-email-service.php on line 368
[10-Jul-2024 14:43:14 UTC] PHP Parse error:  syntax error, unexpected token ":" in C:\Users\copeau\Local Sites\Planty\app\public\wp-content\themes\hello-elementor-child\functions.php on line 28
[10-Jul-2024 14:43:51 UTC] PHP Parse error:  syntax error, unexpected token "<", expecting end of file in C:\Users\copeau\Local Sites\Planty\app\public\wp-content\themes\hello-elementor-child\functions.php on line 32
